2022-12-19 19:02:49,360 [Worker-4: Loading available Gradle versions] INFO  o.e.b.c.i.u.g.PublishedGradleVersions - Gradle version information cache is up-to-date. Trying to read.
2022-12-19 19:10:03,473 [Worker-4: Import Getting Started Content] INFO  o.e.m.c.i.l.LifecycleMappingFactory - Using org.eclipse.m2e.jdt.JarLifecycleMapping lifecycle mapping for MavenProject: com.bolsadeideas.springboot.app:spring-boot-web:0.0.1-SNAPSHOT @ C:\Cursos\SPRING\workspace\spring-boot-web\pom.xml.
2022-12-19 19:10:04,275 [Worker-4: Import Getting Started Content] INFO  o.e.m.j.i.AbstractJavaProjectConfigurator - Adding source folder /spring-boot-web/src/main/java
2022-12-19 19:10:04,276 [Worker-4: Import Getting Started Content] INFO  o.e.m.j.i.AbstractJavaProjectConfigurator - Adding resource folder /spring-boot-web/src/main/resources
2022-12-19 19:10:04,281 [Worker-4: Import Getting Started Content] INFO  o.e.m.j.i.AbstractJavaProjectConfigurator - Adding resource folder /spring-boot-web/src/main/resources
2022-12-19 19:10:04,289 [Worker-4: Import Getting Started Content] INFO  o.e.m.j.i.AbstractJavaProjectConfigurator - Adding source folder /spring-boot-web/src/test/java
2022-12-19 19:10:05,558 [Worker-4: Import Getting Started Content] INFO  o.e.m.c.i.p.ProjectConfigurationManager - Imported and configured 1 project(s) in 2 sec
2022-12-19 19:10:05,563 [Worker-4: Import Getting Started Content] INFO  o.e.m.c.i.p.ProjectConfigurationManager - Update started
2022-12-19 19:10:05,845 [Worker-4: Import Getting Started Content] INFO  o.e.m.c.i.l.LifecycleMappingFactory - Using org.eclipse.m2e.jdt.JarLifecycleMapping lifecycle mapping for MavenProject: com.bolsadeideas.springboot.app:spring-boot-web:0.0.1-SNAPSHOT @ C:\Cursos\SPRING\workspace\spring-boot-web\pom.xml.
2022-12-19 19:10:06,285 [Worker-4: Import Getting Started Content] INFO  o.e.m.j.i.AbstractJavaProjectConfigurator - Adding source folder /spring-boot-web/src/main/java
2022-12-19 19:10:06,286 [Worker-4: Import Getting Started Content] INFO  o.e.m.j.i.AbstractJavaProjectConfigurator - Adding resource folder /spring-boot-web/src/main/resources
2022-12-19 19:10:06,287 [Worker-4: Import Getting Started Content] INFO  o.e.m.j.i.AbstractJavaProjectConfigurator - Adding resource folder /spring-boot-web/src/main/resources
2022-12-19 19:10:06,289 [Worker-4: Import Getting Started Content] INFO  o.e.m.j.i.AbstractJavaProjectConfigurator - Adding source folder /spring-boot-web/src/test/java
2022-12-19 19:10:06,847 [Worker-4: Import Getting Started Content] INFO  o.e.m.c.i.p.ProjectConfigurationManager - Update completed for 1 poms: local refresh takes 0,00 sec, refresh facades takes 0,00 sec, update config takes 0,00 sec 
2022-12-19 19:12:04,449 [Worker-17: Building] INFO  o.e.m.c.i.l.LifecycleMappingFactory - Using org.eclipse.m2e.jdt.JarLifecycleMapping lifecycle mapping for MavenProject: com.bolsadeideas.springboot.app:spring-boot-web:0.0.1-SNAPSHOT @ C:\Cursos\SPRING\workspace\spring-boot-web\pom.xml.
2022-12-19 19:12:04,852 [Worker-17: Building] INFO  o.a.m.s.f.DefaultMavenResourcesFiltering - Copying 0 resource
2022-12-19 19:12:04,852 [Worker-17: Building] INFO  o.a.m.s.f.DefaultMavenResourcesFiltering - Copying 0 resource
2022-12-19 19:12:04,857 [Worker-17: Building] INFO  o.a.m.s.f.DefaultMavenResourcesFiltering - skip non existing resourceDirectory C:\Cursos\SPRING\workspace\spring-boot-web\src\test\resources
2022-12-19 19:12:23,853 [Worker-17: Updating Maven Project] INFO  o.e.m.c.i.p.ProjectConfigurationManager - Update started
2022-12-19 19:12:24,022 [Worker-17: Updating Maven Project] INFO  o.e.m.c.i.l.LifecycleMappingFactory - Using org.eclipse.m2e.jdt.JarLifecycleMapping lifecycle mapping for MavenProject: com.bolsadeideas.springboot.app:spring-boot-web:0.0.1-SNAPSHOT @ C:\Cursos\SPRING\workspace\spring-boot-web\pom.xml.
2022-12-19 19:12:24,274 [Worker-17: Updating Maven Project] INFO  o.e.m.j.i.AbstractJavaProjectConfigurator - Adding source folder /spring-boot-web/src/main/java
2022-12-19 19:12:24,274 [Worker-17: Updating Maven Project] INFO  o.e.m.j.i.AbstractJavaProjectConfigurator - Adding resource folder /spring-boot-web/src/main/resources
2022-12-19 19:12:24,275 [Worker-17: Updating Maven Project] INFO  o.e.m.j.i.AbstractJavaProjectConfigurator - Adding resource folder /spring-boot-web/src/main/resources
2022-12-19 19:12:24,275 [Worker-17: Updating Maven Project] INFO  o.e.m.j.i.AbstractJavaProjectConfigurator - Adding source folder /spring-boot-web/src/test/java
2022-12-19 19:12:24,485 [Worker-17: Updating Maven Project] INFO  o.e.m.c.i.p.ProjectConfigurationManager - Update completed for 1 poms: local refresh takes 0,00 sec, refresh facades takes 0,00 sec, update config takes 0,00 sec 
2022-12-19 19:50:44,850 [Worker-45: Updating Maven Project] INFO  o.e.m.c.i.p.ProjectConfigurationManager - Update started
2022-12-19 19:50:45,025 [Worker-45: Updating Maven Project] INFO  o.e.m.c.i.l.LifecycleMappingFactory - Using org.eclipse.m2e.jdt.JarLifecycleMapping lifecycle mapping for MavenProject: com.bolsadeideas.springboot.app:spring-boot-web:0.0.1-SNAPSHOT @ C:\Cursos\SPRING\workspace\spring-boot-web\pom.xml.
2022-12-19 19:50:45,255 [Worker-45: Updating Maven Project] INFO  o.e.m.j.i.AbstractJavaProjectConfigurator - Adding source folder /spring-boot-web/src/main/java
2022-12-19 19:50:45,256 [Worker-45: Updating Maven Project] INFO  o.e.m.j.i.AbstractJavaProjectConfigurator - Adding resource folder /spring-boot-web/src/main/resources
2022-12-19 19:50:45,256 [Worker-45: Updating Maven Project] INFO  o.e.m.j.i.AbstractJavaProjectConfigurator - Adding resource folder /spring-boot-web/src/main/resources
2022-12-19 19:50:45,256 [Worker-45: Updating Maven Project] INFO  o.e.m.j.i.AbstractJavaProjectConfigurator - Adding source folder /spring-boot-web/src/test/java
2022-12-19 19:50:45,455 [Worker-45: Updating Maven Project] INFO  o.e.m.c.i.p.ProjectConfigurationManager - Update completed for 1 poms: local refresh takes 0,00 sec, refresh facades takes 0,00 sec, update config takes 0,00 sec 
2022-12-19 19:51:36,022 [Worker-44: Launching spring-boot-web - SpringBootWebApplication] INFO  o.e.m.c.i.l.LifecycleMappingFactory - Using org.eclipse.m2e.jdt.JarLifecycleMapping lifecycle mapping for MavenProject: com.bolsadeideas.springboot.app:spring-boot-web:0.0.1-SNAPSHOT @ C:\Cursos\SPRING\workspace\spring-boot-web\pom.xml.
2022-12-19 19:51:36,343 [Worker-44: Launching spring-boot-web - SpringBootWebApplication] INFO  o.a.m.s.f.DefaultMavenResourcesFiltering - Copying 0 resource
2022-12-19 19:51:36,344 [Worker-44: Launching spring-boot-web - SpringBootWebApplication] INFO  o.a.m.s.f.DefaultMavenResourcesFiltering - Copying 0 resource
2022-12-19 19:51:36,348 [Worker-44: Launching spring-boot-web - SpringBootWebApplication] INFO  o.a.m.s.f.DefaultMavenResourcesFiltering - skip non existing resourceDirectory C:\Cursos\SPRING\workspace\spring-boot-web\src\test\resources
2022-12-19 19:52:10,717 [Worker-37: Building] INFO  o.e.m.c.i.l.LifecycleMappingFactory - Using org.eclipse.m2e.jdt.JarLifecycleMapping lifecycle mapping for MavenProject: com.bolsadeideas.springboot.app:spring-boot-web:0.0.1-SNAPSHOT @ C:\Cursos\SPRING\workspace\spring-boot-web\pom.xml.
2022-12-19 19:52:11,028 [Worker-37: Building] INFO  o.a.m.s.f.DefaultMavenResourcesFiltering - Copying 0 resource
2022-12-19 19:52:11,029 [Worker-37: Building] INFO  o.a.m.s.f.DefaultMavenResourcesFiltering - Copying 0 resource
2022-12-19 19:52:11,032 [Worker-37: Building] INFO  o.a.m.s.f.DefaultMavenResourcesFiltering - skip non existing resourceDirectory C:\Cursos\SPRING\workspace\spring-boot-web\src\test\resources
2022-12-19 20:05:45,445 [Worker-51: Launching spring-boot-web - SpringBootWebApplication] INFO  o.a.m.s.f.DefaultMavenResourcesFiltering - Copying 1 resource
2022-12-19 20:05:45,460 [Worker-51: Launching spring-boot-web - SpringBootWebApplication] INFO  o.a.m.s.f.DefaultMavenResourcesFiltering - Copying 1 resource
2022-12-19 20:05:45,466 [Worker-51: Launching spring-boot-web - SpringBootWebApplication] INFO  o.a.m.s.f.DefaultMavenResourcesFiltering - skip non existing resourceDirectory C:\Cursos\SPRING\workspace\spring-boot-web\src\test\resources
2022-12-19 20:12:37,607 [Worker-48: Building] INFO  o.a.m.s.f.DefaultMavenResourcesFiltering - Copying 1 resource
2022-12-19 20:12:37,616 [Worker-48: Building] INFO  o.a.m.s.f.DefaultMavenResourcesFiltering - Copying 1 resource
2022-12-19 20:12:37,620 [Worker-48: Building] INFO  o.a.m.s.f.DefaultMavenResourcesFiltering - skip non existing resourceDirectory C:\Cursos\SPRING\workspace\spring-boot-web\src\test\resources
2022-12-19 20:22:59,127 [Worker-63: Building] INFO  o.a.m.s.f.DefaultMavenResourcesFiltering - Copying 1 resource
2022-12-19 20:22:59,143 [Worker-63: Building] INFO  o.a.m.s.f.DefaultMavenResourcesFiltering - Copying 1 resource
2022-12-19 20:22:59,146 [Worker-63: Building] INFO  o.a.m.s.f.DefaultMavenResourcesFiltering - skip non existing resourceDirectory C:\Cursos\SPRING\workspace\spring-boot-web\src\test\resources
2022-12-19 20:24:10,179 [Worker-67: Building] INFO  o.a.m.s.f.DefaultMavenResourcesFiltering - Copying 1 resource
2022-12-19 20:24:10,187 [Worker-67: Building] INFO  o.a.m.s.f.DefaultMavenResourcesFiltering - Copying 1 resource
2022-12-19 20:24:10,190 [Worker-67: Building] INFO  o.a.m.s.f.DefaultMavenResourcesFiltering - skip non existing resourceDirectory C:\Cursos\SPRING\workspace\spring-boot-web\src\test\resources
2022-12-19 20:24:55,960 [Worker-66: Building] INFO  o.a.m.s.f.DefaultMavenResourcesFiltering - Copying 1 resource
2022-12-19 20:24:55,963 [Worker-66: Building] INFO  o.a.m.s.f.DefaultMavenResourcesFiltering - Copying 1 resource
2022-12-19 20:24:55,968 [Worker-66: Building] INFO  o.a.m.s.f.DefaultMavenResourcesFiltering - skip non existing resourceDirectory C:\Cursos\SPRING\workspace\spring-boot-web\src\test\resources
2022-12-19 21:44:35,447 [Worker-69: Launching spring-boot-web - SpringBootWebApplication] INFO  o.a.m.s.f.DefaultMavenResourcesFiltering - Copying 1 resource
2022-12-19 21:44:35,457 [Worker-69: Launching spring-boot-web - SpringBootWebApplication] INFO  o.a.m.s.f.DefaultMavenResourcesFiltering - Copying 1 resource
2022-12-19 21:44:35,461 [Worker-69: Launching spring-boot-web - SpringBootWebApplication] INFO  o.a.m.s.f.DefaultMavenResourcesFiltering - skip non existing resourceDirectory C:\Cursos\SPRING\workspace\spring-boot-web\src\test\resources
2022-12-19 21:56:47,724 [Worker-78: Building] INFO  o.a.m.s.f.DefaultMavenResourcesFiltering - Copying 1 resource
2022-12-19 21:56:47,732 [Worker-78: Building] INFO  o.a.m.s.f.DefaultMavenResourcesFiltering - Copying 1 resource
2022-12-19 21:56:47,735 [Worker-78: Building] INFO  o.a.m.s.f.DefaultMavenResourcesFiltering - skip non existing resourceDirectory C:\Cursos\SPRING\workspace\spring-boot-web\src\test\resources
2022-12-19 21:59:29,855 [Worker-77: Building] INFO  o.a.m.s.f.DefaultMavenResourcesFiltering - Copying 0 resource
2022-12-19 21:59:29,855 [Worker-77: Building] INFO  o.a.m.s.f.DefaultMavenResourcesFiltering - Copying 1 resource
2022-12-19 21:59:29,860 [Worker-77: Building] INFO  o.a.m.s.f.DefaultMavenResourcesFiltering - skip non existing resourceDirectory C:\Cursos\SPRING\workspace\spring-boot-web\src\test\resources
2022-12-19 21:59:58,239 [Worker-77: Building] INFO  o.a.m.s.f.DefaultMavenResourcesFiltering - Copying 1 resource
2022-12-19 21:59:58,242 [Worker-77: Building] INFO  o.a.m.s.f.DefaultMavenResourcesFiltering - Copying 1 resource
2022-12-19 21:59:58,246 [Worker-77: Building] INFO  o.a.m.s.f.DefaultMavenResourcesFiltering - skip non existing resourceDirectory C:\Cursos\SPRING\workspace\spring-boot-web\src\test\resources
2022-12-19 22:02:39,694 [Worker-75: Building] INFO  o.a.m.s.f.DefaultMavenResourcesFiltering - Copying 1 resource
2022-12-19 22:02:39,706 [Worker-75: Building] INFO  o.a.m.s.f.DefaultMavenResourcesFiltering - Copying 1 resource
2022-12-19 22:02:39,709 [Worker-75: Building] INFO  o.a.m.s.f.DefaultMavenResourcesFiltering - skip non existing resourceDirectory C:\Cursos\SPRING\workspace\spring-boot-web\src\test\resources
2022-12-20 10:39:14,001 [Worker-0: Loading available Gradle versions] INFO  o.e.b.c.i.u.g.PublishedGradleVersions - Gradle version information cache is up-to-date. Trying to read.
2022-12-20 10:42:42,948 [Worker-9: Building] INFO  o.e.m.c.i.l.LifecycleMappingFactory - Using org.eclipse.m2e.jdt.JarLifecycleMapping lifecycle mapping for MavenProject: com.bolsadeideas.springboot.app:spring-boot-web:0.0.1-SNAPSHOT @ C:\Cursos\SPRING\workspace\spring-boot-web\pom.xml.
2022-12-20 10:42:43,443 [Worker-9: Building] INFO  o.a.m.s.f.DefaultMavenResourcesFiltering - Copying 1 resource
2022-12-20 10:42:43,461 [Worker-9: Building] INFO  o.a.m.s.f.DefaultMavenResourcesFiltering - Copying 1 resource
2022-12-20 10:42:43,465 [Worker-9: Building] INFO  o.a.m.s.f.DefaultMavenResourcesFiltering - skip non existing resourceDirectory C:\Cursos\SPRING\workspace\spring-boot-web\src\test\resources
2022-12-20 10:43:00,197 [Worker-9: Updating Maven Project] INFO  o.e.m.c.i.p.ProjectConfigurationManager - Update started
2022-12-20 10:43:00,367 [Worker-9: Updating Maven Project] INFO  o.e.m.c.i.l.LifecycleMappingFactory - Using org.eclipse.m2e.jdt.JarLifecycleMapping lifecycle mapping for MavenProject: com.bolsadeideas.springboot.app:spring-boot-web:0.0.1-SNAPSHOT @ C:\Cursos\SPRING\workspace\spring-boot-web\pom.xml.
2022-12-20 10:43:00,755 [Worker-9: Updating Maven Project] INFO  o.e.m.j.i.AbstractJavaProjectConfigurator - Adding source folder /spring-boot-web/src/main/java
2022-12-20 10:43:00,755 [Worker-9: Updating Maven Project] INFO  o.e.m.j.i.AbstractJavaProjectConfigurator - Adding resource folder /spring-boot-web/src/main/resources
2022-12-20 10:43:00,756 [Worker-9: Updating Maven Project] INFO  o.e.m.j.i.AbstractJavaProjectConfigurator - Adding resource folder /spring-boot-web/src/main/resources
2022-12-20 10:43:00,756 [Worker-9: Updating Maven Project] INFO  o.e.m.j.i.AbstractJavaProjectConfigurator - Adding source folder /spring-boot-web/src/test/java
2022-12-20 10:43:01,003 [Worker-9: Updating Maven Project] INFO  o.e.m.c.i.p.ProjectConfigurationManager - Update completed for 1 poms: local refresh takes 0,00 sec, refresh facades takes 0,00 sec, update config takes 0,00 sec 
